SF:lib\app\utils\connectivity_service.dart
DA:10,0
DA:12,0
DA:14,0
DA:15,0
DA:16,0
DA:19,0
DA:21,0
DA:23,0
DA:24,0
DA:25,0
DA:27,0
DA:28,0
DA:29,0
DA:30,0
DA:31,0
DA:32,0
DA:33,0
DA:35,0
DA:36,0
DA:37,0
DA:41,0
DA:42,0
DA:43,0
DA:44,0
DA:45,0
DA:46,0
DA:47,0
DA:49,0
DA:50,0
DA:51,0
DA:56,0
DA:61,0
DA:62,0
LF:33
LH:0
end_of_record
SF:lib\app\utils\toast_service.dart
DA:5,0
DA:6,0
DA:7,0
DA:9,0
DA:10,0
DA:19,0
DA:20,0
DA:29,0
DA:31,0
LF:9
LH:0
end_of_record
SF:lib\data\data_sources\data_dragon.dart
DA:21,1
DA:24,1
DA:25,4
DA:26,2
DA:27,3
DA:28,1
DA:30,1
DA:35,1
DA:36,4
DA:37,2
DA:38,3
DA:39,2
DA:41,1
DA:46,1
DA:47,4
DA:48,1
DA:49,2
DA:50,3
DA:51,1
DA:52,1
DA:53,1
DA:54,1
DA:55,2
DA:60,1
DA:65,1
DA:67,4
DA:68,1
DA:69,2
DA:70,3
DA:71,2
DA:72,1
DA:74,1
LF:32
LH:32
end_of_record
SF:lib\data\models\champion_detailed_model.dart
DA:10,3
DA:28,3
DA:48,2
DA:49,2
DA:50,2
DA:51,2
DA:52,2
DA:53,2
DA:54,4
DA:55,2
DA:56,8
DA:57,2
DA:58,2
DA:59,8
DA:60,8
DA:61,8
DA:62,2
DA:63,4
DA:64,4
DA:65,2
DA:66,8
DA:67,4
DA:68,6
DA:71,1
DA:74,1
DA:75,3
DA:76,3
DA:77,3
DA:78,3
DA:79,3
DA:80,3
DA:81,3
DA:82,3
DA:83,3
DA:84,3
DA:85,3
DA:86,3
DA:87,3
DA:88,3
DA:89,3
DA:90,3
DA:91,3
DA:92,3
DA:94,0
DA:96,0
DA:97,0
DA:98,0
DA:99,0
DA:100,0
DA:101,0
DA:102,0
DA:103,0
DA:104,0
DA:105,0
DA:106,0
DA:107,0
DA:108,0
DA:109,0
DA:110,0
DA:111,0
DA:112,0
DA:114,1
DA:116,18
LF:63
LH:45
end_of_record
SF:lib\data\models\champion_model.dart
DA:7,3
DA:9,3
DA:22,4
DA:23,2
DA:24,2
DA:25,2
DA:26,2
DA:27,2
DA:28,2
DA:29,4
DA:30,4
DA:31,8
DA:32,2
DA:34,6
DA:37,2
DA:40,2
DA:41,6
DA:42,6
DA:43,6
DA:44,6
DA:45,6
DA:46,6
DA:47,6
DA:48,6
DA:49,6
DA:50,6
DA:51,3
DA:52,3
DA:54,0
DA:56,0
DA:57,0
DA:58,0
DA:59,0
DA:60,0
DA:61,0
DA:62,0
DA:63,0
DA:64,0
DA:65,0
DA:66,0
DA:68,1
DA:70,12
LF:42
LH:30
end_of_record
SF:lib\domain\entities\champion_detailed.dart
DA:27,4
LF:1
LH:1
end_of_record
SF:lib\data\models\image_model.dart
DA:4,5
DA:5,5
DA:7,10
DA:8,5
DA:9,5
DA:10,5
DA:11,5
DA:12,5
DA:13,5
DA:14,5
DA:16,1
DA:19,1
DA:20,3
DA:21,3
DA:22,3
DA:23,3
DA:24,3
DA:25,3
DA:26,3
DA:27,3
DA:28,2
DA:30,6
DA:31,6
DA:32,6
DA:33,6
DA:34,6
DA:35,6
DA:36,4
DA:38,4
DA:40,32
LF:30
LH:30
end_of_record
SF:lib\data\models\info_model.dart
DA:4,4
DA:5,4
DA:11,8
DA:12,4
DA:13,4
DA:14,4
DA:15,4
DA:17,2
DA:20,2
DA:21,6
DA:22,6
DA:23,6
DA:24,6
DA:25,6
DA:27,1
DA:29,11
DA:31,3
DA:33,15
LF:18
LH:18
end_of_record
SF:lib\data\models\passive_model.dart
DA:5,3
DA:6,3
DA:8,6
DA:9,3
DA:10,3
DA:11,6
DA:14,0
DA:17,0
DA:18,0
DA:19,0
DA:20,0
DA:21,0
DA:22,1
DA:23,8
DA:25,2
DA:27,8
LF:16
LH:10
end_of_record
SF:lib\data\models\skins_model.dart
DA:4,3
DA:5,3
DA:7,4
DA:8,2
DA:9,2
DA:10,2
DA:11,2
DA:14,0
DA:17,0
DA:18,0
DA:19,0
DA:20,0
DA:21,0
DA:22,0
DA:24,0
DA:26,0
DA:28,2
DA:30,10
LF:18
LH:9
end_of_record
SF:lib\data\models\spells_model.dart
DA:6,2
DA:26,2
DA:48,4
DA:49,2
DA:50,2
DA:51,2
DA:52,2
DA:53,4
DA:54,2
DA:55,10
DA:56,2
DA:57,8
DA:58,2
DA:59,8
DA:60,8
DA:61,6
DA:62,2
DA:63,2
DA:64,8
DA:65,2
DA:66,4
DA:67,2
DA:70,0
DA:73,0
DA:74,0
DA:75,0
DA:76,0
DA:77,0
DA:78,0
DA:79,0
DA:80,0
DA:81,0
DA:82,0
DA:83,0
DA:84,0
DA:85,0
DA:86,0
DA:87,0
DA:88,0
DA:89,0
DA:90,0
DA:91,0
DA:92,0
DA:93,0
DA:95,0
DA:97,0
DA:98,0
DA:99,0
DA:100,0
DA:101,0
DA:102,0
DA:103,0
DA:104,0
DA:105,0
DA:106,0
DA:107,0
DA:108,0
DA:109,0
DA:110,0
DA:111,0
DA:112,0
DA:113,0
DA:114,0
DA:115,0
DA:117,1
DA:119,20
LF:66
LH:24
end_of_record
SF:lib\data\models\stats_model.dart
DA:4,4
DA:25,4
DA:47,8
DA:48,4
DA:49,4
DA:50,4
DA:51,4
DA:52,4
DA:53,4
DA:54,4
DA:55,4
DA:56,4
DA:57,4
DA:58,4
DA:59,4
DA:60,4
DA:61,4
DA:62,4
DA:63,4
DA:64,4
DA:65,4
DA:66,4
DA:67,4
DA:70,0
DA:73,0
DA:74,0
DA:75,0
DA:76,0
DA:77,0
DA:78,0
DA:79,0
DA:80,0
DA:81,0
DA:82,0
DA:83,0
DA:84,0
DA:85,0
DA:86,0
DA:87,0
DA:88,0
DA:89,0
DA:90,0
DA:91,0
DA:92,0
DA:93,0
DA:94,0
DA:96,1
DA:98,3
DA:99,3
DA:100,3
DA:101,3
DA:102,3
DA:103,3
DA:104,3
DA:105,3
DA:106,3
DA:107,3
DA:108,3
DA:109,3
DA:110,3
DA:111,3
DA:112,3
DA:113,3
DA:114,3
DA:115,3
DA:116,3
DA:117,2
DA:119,3
DA:121,63
LF:69
LH:46
end_of_record
SF:lib\domain\entities\champion.dart
DA:18,4
LF:1
LH:1
end_of_record
SF:lib\domain\entities\image.dart
DA:10,7
LF:1
LH:1
end_of_record
SF:lib\domain\entities\info.dart
DA:7,6
LF:1
LH:1
end_of_record
SF:lib\data\models\level_tip_model.dart
DA:4,6
DA:6,6
DA:7,12
DA:8,12
DA:10,0
DA:13,0
DA:14,0
DA:15,0
DA:16,0
DA:17,1
DA:18,5
DA:20,2
DA:22,6
LF:13
LH:8
end_of_record
SF:lib\domain\entities\level_tip.dart
DA:5,4
LF:1
LH:1
end_of_record
SF:lib\domain\entities\passive.dart
DA:8,4
LF:1
LH:1
end_of_record
SF:lib\domain\entities\skins.dart
DA:9,4
LF:1
LH:1
end_of_record
SF:lib\domain\entities\spells.dart
DA:24,3
LF:1
LH:1
end_of_record
SF:lib\domain\entities\stats.dart
DA:23,6
LF:1
LH:1
end_of_record
SF:lib\data\data_sources\hive_service.dart
DA:4,0
DA:6,0
DA:8,0
DA:10,0
DA:11,0
DA:12,0
DA:13,0
DA:17,0
DA:18,0
DA:19,0
DA:22,0
DA:23,0
DA:24,0
DA:25,0
DA:27,0
DA:32,0
DA:33,0
DA:36,0
DA:37,0
DA:40,0
DA:41,0
DA:44,0
DA:45,0
LF:23
LH:0
end_of_record
SF:lib\data\repositories\champion_repository.dart
DA:10,1
DA:12,1
DA:14,3
DA:16,2
DA:21,1
DA:24,3
DA:27,2
LF:7
LH:7
end_of_record
SF:lib\data\repositories\version_repository.dart
DA:6,1
DA:10,1
DA:12,3
DA:14,2
DA:19,1
DA:21,3
DA:23,2
LF:7
LH:7
end_of_record
SF:lib\domain\use_cases\get_champion_list_usecase.dart
DA:12,1
DA:15,1
DA:16,3
LF:3
LH:3
end_of_record
SF:lib\domain\use_cases\get_champion_usecase.dart
DA:12,1
DA:15,1
DA:16,3
LF:3
LH:3
end_of_record
SF:lib\domain\use_cases\get_version_list_usecase.dart
DA:9,1
DA:12,1
DA:13,3
LF:3
LH:3
end_of_record
SF:lib\domain\use_cases\get_version_usecase.dart
DA:9,1
DA:12,1
DA:13,3
LF:3
LH:3
end_of_record
