SF:lib\app\utils\connectivity_service.dart
DA:10,0
DA:12,0
DA:14,0
DA:15,0
DA:16,0
DA:19,0
DA:21,0
DA:23,0
DA:24,0
DA:25,0
DA:27,0
DA:28,0
DA:29,0
DA:30,0
DA:31,0
DA:32,0
DA:33,0
DA:35,0
DA:36,0
DA:37,0
DA:41,0
DA:42,0
DA:43,0
DA:44,0
DA:45,0
DA:46,0
DA:47,0
DA:49,0
DA:50,0
DA:51,0
DA:56,0
DA:61,0
DA:62,0
LF:33
LH:0
end_of_record
SF:lib\app\utils\toast_service.dart
DA:5,0
DA:6,0
DA:7,0
DA:9,0
DA:10,0
DA:19,0
DA:20,0
DA:29,0
DA:31,0
LF:9
LH:0
end_of_record
SF:lib\data\data_sources\data_dragon.dart
DA:22,1
DA:25,1
DA:26,4
DA:27,2
DA:28,3
DA:29,1
DA:31,1
DA:36,1
DA:37,4
DA:38,2
DA:39,3
DA:40,2
DA:42,1
DA:47,0
DA:48,0
DA:49,0
DA:50,0
DA:51,0
DA:52,0
DA:53,0
DA:54,0
DA:55,0
DA:56,0
DA:61,0
DA:66,0
DA:68,0
DA:69,0
DA:70,0
DA:71,0
DA:72,0
DA:73,0
DA:75,0
DA:76,0
LF:33
LH:13
end_of_record
SF:lib\data\models\champion_detailed_model.dart
DA:10,1
DA:28,1
DA:48,2
DA:49,1
DA:50,1
DA:51,1
DA:52,1
DA:53,2
DA:54,5
DA:55,1
DA:56,1
DA:57,4
DA:58,4
DA:59,4
DA:60,1
DA:61,2
DA:62,2
DA:63,5
DA:64,2
DA:65,3
DA:68,1
DA:70,18
LF:22
LH:22
end_of_record
SF:lib\data\models\champion_model.dart
DA:7,1
DA:9,1
DA:22,2
DA:23,1
DA:24,1
DA:25,1
DA:26,1
DA:27,1
DA:28,1
DA:29,2
DA:30,2
DA:31,4
DA:32,1
DA:34,3
DA:37,1
DA:39,12
LF:16
LH:16
end_of_record
SF:lib\domain\entities\champion_detailed.dart
DA:27,2
LF:1
LH:1
end_of_record
SF:lib\data\models\image_model.dart
DA:4,3
DA:5,3
DA:7,4
DA:8,2
DA:9,2
DA:10,2
DA:11,2
DA:12,2
DA:13,2
DA:14,2
DA:17,3
DA:19,24
LF:12
LH:12
end_of_record
SF:lib\data\models\info_model.dart
DA:4,3
DA:5,3
DA:11,4
DA:12,2
DA:13,2
DA:14,2
DA:15,2
DA:17,3
DA:19,15
LF:9
LH:9
end_of_record
SF:lib\data\models\passive_model.dart
DA:5,2
DA:6,2
DA:8,2
DA:9,1
DA:10,1
DA:11,2
DA:13,2
DA:15,8
LF:8
LH:8
end_of_record
SF:lib\data\models\skins_model.dart
DA:4,2
DA:5,2
DA:7,2
DA:8,1
DA:9,1
DA:10,1
DA:11,1
DA:14,2
DA:16,10
LF:9
LH:9
end_of_record
SF:lib\data\models\spells_model.dart
DA:6,1
DA:27,1
DA:50,2
DA:51,1
DA:52,1
DA:53,1
DA:54,1
DA:55,2
DA:56,1
DA:57,5
DA:58,1
DA:59,4
DA:60,1
DA:61,4
DA:62,4
DA:63,3
DA:64,1
DA:65,1
DA:66,4
DA:67,1
DA:68,2
DA:69,1
DA:71,1
DA:73,20
LF:24
LH:24
end_of_record
SF:lib\data\models\stats_model.dart
DA:4,3
DA:25,3
DA:47,4
DA:48,2
DA:49,2
DA:50,2
DA:51,2
DA:52,2
DA:53,2
DA:54,2
DA:55,2
DA:56,2
DA:57,2
DA:58,2
DA:59,2
DA:60,2
DA:61,2
DA:62,2
DA:63,2
DA:64,2
DA:65,2
DA:66,2
DA:67,2
DA:70,3
DA:72,63
LF:25
LH:25
end_of_record
SF:lib\domain\entities\champion.dart
DA:18,2
LF:1
LH:1
end_of_record
SF:lib\domain\entities\image.dart
DA:10,6
LF:1
LH:1
end_of_record
SF:lib\domain\entities\info.dart
DA:7,5
LF:1
LH:1
end_of_record
SF:lib\data\models\level_tip_model.dart
DA:4,4
DA:6,2
DA:7,4
DA:8,4
DA:11,2
DA:13,6
LF:6
LH:6
end_of_record
SF:lib\domain\entities\level_tip.dart
DA:5,3
LF:1
LH:1
end_of_record
SF:lib\domain\entities\passive.dart
DA:8,3
LF:1
LH:1
end_of_record
SF:lib\domain\entities\skins.dart
DA:9,3
LF:1
LH:1
end_of_record
SF:lib\domain\entities\spells.dart
DA:24,2
LF:1
LH:1
end_of_record
SF:lib\domain\entities\stats.dart
DA:23,5
LF:1
LH:1
end_of_record
SF:lib\data\data_sources\hive_service.dart
DA:4,0
DA:6,0
DA:8,0
DA:10,0
DA:11,0
DA:12,0
DA:13,0
DA:17,0
DA:18,0
DA:19,0
DA:22,0
DA:23,0
DA:24,0
DA:25,0
DA:27,0
DA:32,0
DA:33,0
DA:36,0
DA:37,0
DA:40,0
DA:41,0
DA:44,0
DA:45,0
LF:23
LH:0
end_of_record
SF:lib\data\repositories\champion_repository.dart
DA:10,0
DA:12,0
DA:14,0
DA:16,0
DA:21,0
DA:24,0
DA:27,0
LF:7
LH:0
end_of_record
SF:lib\data\repositories\version_repository.dart
DA:6,1
DA:10,1
DA:12,3
DA:14,2
DA:19,1
DA:21,3
DA:23,2
LF:7
LH:7
end_of_record
SF:lib\domain\use_cases\get_champion_list_usecase.dart
DA:12,1
DA:15,1
DA:16,3
LF:3
LH:3
end_of_record
SF:lib\domain\use_cases\get_champion_usecase.dart
DA:12,1
DA:15,1
DA:16,3
LF:3
LH:3
end_of_record
SF:lib\domain\use_cases\get_version_list_usecase.dart
DA:9,1
DA:12,1
DA:13,3
LF:3
LH:3
end_of_record
SF:lib\domain\use_cases\get_version_usecase.dart
DA:9,1
DA:12,1
DA:13,3
LF:3
LH:3
end_of_record
